<?xml version="1.0" encoding="UTF-8"?>
<testng-results skipped="0" failed="0" ignored="0" total="2" passed="2">
  <reporter-output>
  </reporter-output>
  <suite name="Default suite" duration-ms="7365" started-at="2019-01-22T08:25:00Z" finished-at="2019-01-22T08:25:07Z">
    <groups>
    </groups>
    <test name="Default test" duration-ms="7365" started-at="2019-01-22T08:25:00Z" finished-at="2019-01-22T08:25:07Z">
      <class name="com.bix.selenium.hybrid.HybridTest2">
        <test-method status="PASS" signature="execute()[pri:0, instance:com.bix.selenium.hybrid.HybridTest2@31dc339b]" name="execute" duration-ms="3887" started-at="2019-01-22T08:25:00Z" finished-at="2019-01-22T08:25:04Z">
          <reporter-output>
          </reporter-output>
        </test-method> <!-- execute -->
        <test-method status="PASS" signature="execute()[pri:0, instance:com.bix.selenium.hybrid.HybridTest2@3c0f93f1]" name="execute" duration-ms="3459" started-at="2019-01-22T08:25:04Z" finished-at="2019-01-22T08:25:07Z">
          <reporter-output>
          </reporter-output>
        </test-method> <!-- execute -->
        <test-method status="PASS" signature="finish()[pri:0, instance:com.bix.selenium.hybrid.HybridTest2@31dc339b]" name="finish" is-config="true" duration-ms="0" started-at="2019-01-22T08:25:07Z" finished-at="2019-01-22T08:25:07Z">
          <reporter-output>
          </reporter-output>
        </test-method> <!-- finish -->
      </class> <!-- com.bix.selenium.hybrid.HybridTest2 -->
    </test> <!-- Default test -->
  </suite> <!-- Default suite -->
</testng-results>
